<?xml version="1.0" encoding="UTF-8"?>
<testng-results skipped="0" failed="0" ignored="0" total="1" passed="1">
  <reporter-output>
  </reporter-output>
  <suite name="Sample Suite" duration-ms="6707" started-at="2020-02-26T12:45:39Z" finished-at="2020-02-26T12:45:46Z">
    <groups>
    </groups>
    <test name="Testing with Jenkins" duration-ms="6707" started-at="2020-02-26T12:45:39Z" finished-at="2020-02-26T12:45:46Z">
      <class name="testngPack.JenkinsDemo">
        <test-method status="PASS" signature="testGoogleSearch()[pri:0, instance:testngPack.JenkinsDemo@2db7a79b]" name="testGoogleSearch" duration-ms="6694" started-at="2020-02-26T18:15:39Z" finished-at="2020-02-26T18:15:46Z">
          <reporter-output>
          </reporter-output>
        </test-method> <!-- testGoogleSearch -->
      </class> <!-- testngPack.JenkinsDemo -->
    </test> <!-- Testing with Jenkins -->
  </suite> <!-- Sample Suite -->
</testng-results>
