<?xml version="1.0" encoding="UTF-8"?>
<testng-results skipped="0" failed="0" ignored="0" total="1" passed="1">
  <reporter-output>
  </reporter-output>
  <suite name="Sample Suite" duration-ms="15706" started-at="2020-02-26T10:35:03Z" finished-at="2020-02-26T10:35:19Z">
    <groups>
    </groups>
    <test name="Testing with Jenkins" duration-ms="15706" started-at="2020-02-26T10:35:03Z" finished-at="2020-02-26T10:35:19Z">
      <class name="testngPack.JenkinsDemo">
        <test-method status="PASS" signature="testGoogleSearch()[pri:0, instance:testngPack.JenkinsDemo@3d121db3]" name="testGoogleSearch" duration-ms="15682" started-at="2020-02-26T10:35:03Z" finished-at="2020-02-26T10:35:19Z">
          <reporter-output>
          </reporter-output>
        </test-method> <!-- testGoogleSearch -->
      </class> <!-- testngPack.JenkinsDemo -->
    </test> <!-- Testing with Jenkins -->
  </suite> <!-- Sample Suite -->
</testng-results>
